[debug] [2026-02-27T17:20:46.659Z] ----------------------------------------------------------------------
[debug] [2026-02-27T17:20:46.665Z] Command:       C:\Program Files\nodejs\node.exe C:\Users\DAS\AppData\Roaming\npm\node_modules\firebase-tools\lib\bin\firebase.js firestore:delete jobs --project dts-service-577a4 --recursive
[debug] [2026-02-27T17:20:46.665Z] CLI Version:   15.5.1
[debug] [2026-02-27T17:20:46.665Z] Platform:      win32
[debug] [2026-02-27T17:20:46.665Z] Node Version:  v24.13.0
[debug] [2026-02-27T17:20:46.666Z] Time:          Fri Feb 27 2026 22:50:46 GMT+0530 (India Standard Time)
[debug] [2026-02-27T17:20:46.666Z] ----------------------------------------------------------------------
[debug] 
[debug] [2026-02-27T17:20:46.669Z] >>> [apiv2][query] GET https://firebase-public.firebaseio.com/cli.json [none]
[debug] [2026-02-27T17:20:48.103Z] > command requires scopes: ["email","openid","https://www.googleapis.com/auth/cloudplatformprojects.readonly","https://www.googleapis.com/auth/firebase","https://www.googleapis.com/auth/cloud-platform"]
[debug] [2026-02-27T17:20:48.104Z] > authorizing via signed-in user (dtsdastechnoservices@gmail.com)
[debug] [2026-02-27T17:20:48.104Z] [iam] checking project dts-service-577a4 for permissions ["datastore.entities.delete","datastore.entities.list","firebase.projects.get"]
[debug] [2026-02-27T17:20:48.104Z] Checked if tokens are valid: false, expires at: 1770491322981
[debug] [2026-02-27T17:20:48.104Z] Checked if tokens are valid: false, expires at: 1770491322981
[debug] [2026-02-27T17:20:48.105Z] > refreshing access token with scopes: []
[debug] [2026-02-27T17:20:48.106Z] >>> [apiv2][query] POST https://www.googleapis.com/oauth2/v3/token [none]
[debug] [2026-02-27T17:20:48.106Z] >>> [apiv2][body] POST https://www.googleapis.com/oauth2/v3/token [omitted]
[debug] [2026-02-27T17:20:48.298Z] <<< [apiv2][status] POST https://www.googleapis.com/oauth2/v3/token 200
[debug] [2026-02-27T17:20:48.298Z] <<< [apiv2][body] POST https://www.googleapis.com/oauth2/v3/token [omitted]
[debug] [2026-02-27T17:20:48.311Z] >>> [apiv2][query] POST https://cloudresourcemanager.googleapis.com/v1/projects/dts-service-577a4:testIamPermissions [none]
[debug] [2026-02-27T17:20:48.311Z] >>> [apiv2][(partial)header] POST https://cloudresourcemanager.googleapis.com/v1/projects/dts-service-577a4:testIamPermissions  x-goog-user-project=dts-service-577a4
[debug] [2026-02-27T17:20:48.311Z] >>> [apiv2][body] POST https://cloudresourcemanager.googleapis.com/v1/projects/dts-service-577a4:testIamPermissions {"permissions":["datastore.entities.delete","datastore.entities.list","firebase.projects.get"]}
[debug] [2026-02-27T17:20:48.721Z] <<< [apiv2][status] GET https://firebase-public.firebaseio.com/cli.json 200
[debug] [2026-02-27T17:20:48.721Z] <<< [apiv2][body] GET https://firebase-public.firebaseio.com/cli.json {"cloudBuildErrorAfter":1594252800000,"cloudBuildWarnAfter":1590019200000,"defaultNode10After":1594252800000,"minVersion":"3.0.5","node8DeploysDisabledAfter":1613390400000,"node8RuntimeDisabledAfter":1615809600000,"node8WarnAfter":1600128000000}
[debug] [2026-02-27T17:20:49.800Z] <<< [apiv2][status] POST https://cloudresourcemanager.googleapis.com/v1/projects/dts-service-577a4:testIamPermissions 200
[debug] [2026-02-27T17:20:49.800Z] <<< [apiv2][body] POST https://cloudresourcemanager.googleapis.com/v1/projects/dts-service-577a4:testIamPermissions {"permissions":["datastore.entities.delete","datastore.entities.list","firebase.projects.get"]}
[debug] [2026-02-27T17:21:29.288Z] ExitPromptError: User force closed the prompt with SIGINT
    at Interface.sigint (C:\Users\DAS\AppData\Roaming\npm\node_modules\firebase-tools\node_modules\@inquirer\core\dist\commonjs\lib\create-prompt.js:101:37)
    at Interface.emit (node:events:508:28)
    at [_ttyWrite] [as _ttyWrite] (node:internal/readline/interface:1327:18)
    at ReadStream.onkeypress (node:internal/readline/interface:284:20)
    at ReadStream.emit (node:events:520:35)
    at emitKeys (node:internal/readline/utils:371:14)
    at emitKeys.next (<anonymous>)
    at ReadStream.onData (node:internal/readline/emitKeypressEvents:64:36)
    at ReadStream.emit (node:events:508:28)
    at addChunk (node:internal/streams/readable:559:12)
[error] 
[error] Error: An unexpected error has occurred.
